c:\users\craig\desktop\tertut03\engine\engine\debug\applicationclass.obj
c:\users\craig\desktop\tertut03\engine\engine\debug\cameraclass.obj
c:\users\craig\desktop\tertut03\engine\engine\debug\cpuclass.obj
c:\users\craig\desktop\tertut03\engine\engine\debug\d3dclass.obj
c:\users\craig\desktop\tertut03\engine\engine\debug\fontclass.obj
c:\users\craig\desktop\tertut03\engine\engine\debug\fontshaderclass.obj
c:\users\craig\desktop\tertut03\engine\engine\debug\fpsclass.obj
c:\users\craig\desktop\tertut03\engine\engine\debug\inputclass.obj
c:\users\craig\desktop\tertut03\engine\engine\debug\lightclass.obj
c:\users\craig\desktop\tertut03\engine\engine\debug\main.obj
c:\users\craig\desktop\tertut03\engine\engine\debug\positionclass.obj
c:\users\craig\desktop\tertut03\engine\engine\debug\systemclass.obj
c:\users\craig\desktop\tertut03\engine\engine\debug\terrainclass.obj
c:\users\craig\desktop\tertut03\engine\engine\debug\terrainshaderclass.obj
c:\users\craig\desktop\tertut03\engine\engine\debug\textclass.obj
c:\users\craig\desktop\tertut03\engine\engine\debug\textureclass.obj
c:\users\craig\desktop\tertut03\engine\engine\debug\timerclass.obj
c:\users\craig\desktop\tertut03\engine\engine\debug\vc100.pdb
j:\ag1102a\raster-tek terrain\tertut03\engine\engine\debug\applicationclass.obj
j:\ag1102a\raster-tek terrain\tertut03\engine\engine\debug\cameraclass.obj
j:\ag1102a\raster-tek terrain\tertut03\engine\engine\debug\cpuclass.obj
j:\ag1102a\raster-tek terrain\tertut03\engine\engine\debug\d3dclass.obj
j:\ag1102a\raster-tek terrain\tertut03\engine\engine\debug\fontclass.obj
j:\ag1102a\raster-tek terrain\tertut03\engine\engine\debug\fontshaderclass.obj
j:\ag1102a\raster-tek terrain\tertut03\engine\engine\debug\fpsclass.obj
j:\ag1102a\raster-tek terrain\tertut03\engine\engine\debug\inputclass.obj
j:\ag1102a\raster-tek terrain\tertut03\engine\engine\debug\lightclass.obj
j:\ag1102a\raster-tek terrain\tertut03\engine\engine\debug\main.obj
j:\ag1102a\raster-tek terrain\tertut03\engine\engine\debug\positionclass.obj
j:\ag1102a\raster-tek terrain\tertut03\engine\engine\debug\systemclass.obj
j:\ag1102a\raster-tek terrain\tertut03\engine\engine\debug\terrainclass.obj
j:\ag1102a\raster-tek terrain\tertut03\engine\engine\debug\terrainshaderclass.obj
j:\ag1102a\raster-tek terrain\tertut03\engine\engine\debug\textclass.obj
j:\ag1102a\raster-tek terrain\tertut03\engine\engine\debug\textureclass.obj
j:\ag1102a\raster-tek terrain\tertut03\engine\engine\debug\timerclass.obj
j:\ag1102a\raster-tek terrain\tertut03\engine\engine\debug\vc100.pdb
c:\users\craig\desktop\tertut03\engine\debug\engine.ilk
c:\users\craig\desktop\tertut03\engine\debug\engine.exe
c:\users\craig\desktop\tertut03\engine\engine\debug\engine.exe.intermediate.manifest
c:\users\craig\desktop\tertut03\engine\debug\engine.pdb
j:\ag1102a\raster-tek terrain\tertut03\engine\debug\engine.ilk
j:\ag1102a\raster-tek terrain\tertut03\engine\debug\engine.exe
j:\ag1102a\raster-tek terrain\tertut03\engine\engine\debug\engine.exe.intermediate.manifest
j:\ag1102a\raster-tek terrain\tertut03\engine\debug\engine.pdb
c:\users\craig\desktop\tertut03\engine\engine\debug\engine.exe.embed.manifest
j:\ag1102a\raster-tek terrain\tertut03\engine\engine\debug\engine.exe.embed.manifest
c:\users\craig\desktop\tertut03\engine\engine\debug\engine.exe.embed.manifest.res
j:\ag1102a\raster-tek terrain\tertut03\engine\engine\debug\engine.exe.embed.manifest.res
c:\users\m513207\dropbox\teaching 2015-16\ag0906-ag1102\tuts\tertut02\engine\engine\debug\applicationclass.obj
c:\users\m513207\dropbox\teaching 2015-16\ag0906-ag1102\tuts\tertut02\engine\engine\debug\cameraclass.obj
c:\users\m513207\dropbox\teaching 2015-16\ag0906-ag1102\tuts\tertut02\engine\engine\debug\cpuclass.obj
c:\users\m513207\dropbox\teaching 2015-16\ag0906-ag1102\tuts\tertut02\engine\engine\debug\d3dclass.obj
c:\users\m513207\dropbox\teaching 2015-16\ag0906-ag1102\tuts\tertut02\engine\engine\debug\fontclass.obj
c:\users\m513207\dropbox\teaching 2015-16\ag0906-ag1102\tuts\tertut02\engine\engine\debug\fontshaderclass.obj
c:\users\m513207\dropbox\teaching 2015-16\ag0906-ag1102\tuts\tertut02\engine\engine\debug\fpsclass.obj
c:\users\m513207\dropbox\teaching 2015-16\ag0906-ag1102\tuts\tertut02\engine\engine\debug\inputclass.obj
c:\users\m513207\dropbox\teaching 2015-16\ag0906-ag1102\tuts\tertut02\engine\engine\debug\lightclass.obj
c:\users\m513207\dropbox\teaching 2015-16\ag0906-ag1102\tuts\tertut02\engine\engine\debug\main.obj
c:\users\m513207\dropbox\teaching 2015-16\ag0906-ag1102\tuts\tertut02\engine\engine\debug\positionclass.obj
c:\users\m513207\dropbox\teaching 2015-16\ag0906-ag1102\tuts\tertut02\engine\engine\debug\systemclass.obj
c:\users\m513207\dropbox\teaching 2015-16\ag0906-ag1102\tuts\tertut02\engine\engine\debug\terrainclass.obj
c:\users\m513207\dropbox\teaching 2015-16\ag0906-ag1102\tuts\tertut02\engine\engine\debug\terrainshaderclass.obj
c:\users\m513207\dropbox\teaching 2015-16\ag0906-ag1102\tuts\tertut02\engine\engine\debug\textclass.obj
c:\users\m513207\dropbox\teaching 2015-16\ag0906-ag1102\tuts\tertut02\engine\engine\debug\textureclass.obj
c:\users\m513207\dropbox\teaching 2015-16\ag0906-ag1102\tuts\tertut02\engine\engine\debug\timerclass.obj
c:\users\m513207\dropbox\teaching 2015-16\ag0906-ag1102\tuts\tertut02\engine\engine\debug\cl.command.1.tlog
c:\users\m513207\dropbox\teaching 2015-16\ag0906-ag1102\tuts\tertut02\engine\engine\debug\cl.read.1.tlog
c:\users\m513207\dropbox\teaching 2015-16\ag0906-ag1102\tuts\tertut02\engine\engine\debug\cl.write.1.tlog
c:\users\m513207\dropbox\teaching 2015-16\ag0906-ag1102\tuts\tertut02\engine\engine\debug\link-cvtres.read.1.tlog
c:\users\m513207\dropbox\teaching 2015-16\ag0906-ag1102\tuts\tertut02\engine\engine\debug\link-cvtres.write.1.tlog
c:\users\m513207\dropbox\teaching 2015-16\ag0906-ag1102\tuts\tertut02\engine\engine\debug\link.1732-cvtres.read.1.tlog
c:\users\m513207\dropbox\teaching 2015-16\ag0906-ag1102\tuts\tertut02\engine\engine\debug\link.1732-cvtres.write.1.tlog
c:\users\m513207\dropbox\teaching 2015-16\ag0906-ag1102\tuts\tertut02\engine\engine\debug\link.1732.read.1.tlog
c:\users\m513207\dropbox\teaching 2015-16\ag0906-ag1102\tuts\tertut02\engine\engine\debug\link.1732.write.1.tlog
c:\users\m513207\dropbox\teaching 2015-16\ag0906-ag1102\tuts\tertut02\engine\engine\debug\link.2148-cvtres.read.1.tlog
c:\users\m513207\dropbox\teaching 2015-16\ag0906-ag1102\tuts\tertut02\engine\engine\debug\link.2148-cvtres.write.1.tlog
c:\users\m513207\dropbox\teaching 2015-16\ag0906-ag1102\tuts\tertut02\engine\engine\debug\link.2148.read.1.tlog
c:\users\m513207\dropbox\teaching 2015-16\ag0906-ag1102\tuts\tertut02\engine\engine\debug\link.2148.write.1.tlog
c:\users\m513207\dropbox\teaching 2015-16\ag0906-ag1102\tuts\tertut02\engine\engine\debug\link.4416-cvtres.read.1.tlog
c:\users\m513207\dropbox\teaching 2015-16\ag0906-ag1102\tuts\tertut02\engine\engine\debug\link.4416-cvtres.write.1.tlog
c:\users\m513207\dropbox\teaching 2015-16\ag0906-ag1102\tuts\tertut02\engine\engine\debug\link.4416.read.1.tlog
c:\users\m513207\dropbox\teaching 2015-16\ag0906-ag1102\tuts\tertut02\engine\engine\debug\link.4416.write.1.tlog
c:\users\m513207\dropbox\teaching 2015-16\ag0906-ag1102\tuts\tertut02\engine\engine\debug\link.command.1.tlog
c:\users\m513207\dropbox\teaching 2015-16\ag0906-ag1102\tuts\tertut02\engine\engine\debug\link.read.1.tlog
c:\users\m513207\dropbox\teaching 2015-16\ag0906-ag1102\tuts\tertut02\engine\engine\debug\link.write.1.tlog
c:\users\m513207\dropbox\teaching 2015-16\ag0906-ag1102\tuts\tertut02\engine\engine\debug\mt.command.1.tlog
c:\users\m513207\dropbox\teaching 2015-16\ag0906-ag1102\tuts\tertut02\engine\engine\debug\mt.read.1.tlog
c:\users\m513207\dropbox\teaching 2015-16\ag0906-ag1102\tuts\tertut02\engine\engine\debug\mt.write.1.tlog
c:\users\m513207\dropbox\teaching 2015-16\ag0906-ag1102\tuts\tertut02\engine\engine\debug\rc.command.1.tlog
c:\users\m513207\dropbox\teaching 2015-16\ag0906-ag1102\tuts\tertut02\engine\engine\debug\rc.read.1.tlog
c:\users\m513207\dropbox\teaching 2015-16\ag0906-ag1102\tuts\tertut02\engine\engine\debug\rc.write.1.tlog
c:\users\m513207\dropbox\teaching 2015-16\ag0906-ag1102\tuts\tertut02\engine\engine\debug\engine.exe.embed.manifest
c:\users\m513207\dropbox\teaching 2015-16\ag0906-ag1102\tuts\tertut02\engine\engine\debug\engine.exe.intermediate.manifest
c:\users\m513207\dropbox\teaching 2015-16\ag0906-ag1102\tuts\tertut02\engine\engine\debug\engine.exe.embed.manifest.res
c:\users\m513207\dropbox\teaching 2015-16\ag0906-ag1102\tuts\tertut02\engine\engine\debug\vc100.idb
c:\users\m513207\dropbox\teaching 2015-16\ag0906-ag1102\tuts\tertut02\engine\engine\debug\vc100.pdb
c:\users\m513207\dropbox\teaching 2015-16\ag0906-ag1102\tuts\tertut02\engine\engine\debug\engine_manifest.rc
c:\users\m513207\dropbox\teaching 2015-16\ag0906-ag1102\tuts\tertut02\engine\debug\engine.pdb
c:\users\m513207\dropbox\teaching 2015-16\ag0906-ag1102\tuts\tertut02\engine\debug\engine.exe
c:\users\m513207\dropbox\teaching 2015-16\ag0906-ag1102\tuts\tertut02\engine\debug\engine.ilk
